INFO 2023-03-24 14:10:33,164 [main.py:get_iosxe_memory_info:45] Device: xe1
INFO 2023-03-24 14:10:33,395 [main.py:get_iosxe_memory_info:45] Device: xe3
INFO 2023-03-24 14:10:33,431 [main.py:get_iosxe_memory_info:45] Device: xe2
INFO 2023-03-24 14:10:34,273 [main.py:get_iosxr_memory_info:81] Device: xr1
INFO 2023-03-24 14:10:34,274 [main.py:get_iosxr_memory_info:81] Device: xr2
ERROR 2023-03-24 14:11:09,855 [main.py:get_iosxr_memory_info:110] Error connecting to device xr3: failed to connect to xr3
Failed while bringing device to "any" state
INFO 2023-03-24 14:11:09,864 [main.py:getMemmoryUtils:140] Script execution completed successfully.
INFO 2023-03-24 14:21:51,356 [main.py:get_iosxe_memory_info:45] Device: xe2
INFO 2023-03-24 14:21:51,532 [main.py:get_iosxe_memory_info:45] Device: xe1
INFO 2023-03-24 14:21:51,536 [main.py:get_iosxe_memory_info:45] Device: xe3
INFO 2023-03-24 14:21:52,312 [main.py:get_iosxr_memory_info:81] Device: xr1
INFO 2023-03-24 14:21:52,409 [main.py:get_iosxr_memory_info:81] Device: xr2
ERROR 2023-03-24 14:22:23,215 [main.py:get_iosxr_memory_info:110] Error connecting to device xr3: failed to connect to xr3
Failed while bringing device to "any" state
INFO 2023-03-24 14:22:23,222 [main.py:getMemmoryUtils:140] Get Memmory Utilization - execution completed successfully.
INFO 2023-03-24 14:23:55,190 [main.py:get_iosxe_memory_info:45] Device: xe2
INFO 2023-03-24 14:23:55,210 [main.py:get_iosxe_memory_info:45] Device: xe3
INFO 2023-03-24 14:23:55,233 [main.py:get_iosxe_memory_info:45] Device: xe1
INFO 2023-03-24 14:23:56,037 [main.py:get_iosxr_memory_info:81] Device: xr1
INFO 2023-03-24 14:23:56,054 [main.py:get_iosxr_memory_info:81] Device: xr2
ERROR 2023-03-24 14:24:26,884 [main.py:get_iosxr_memory_info:110] Error connecting to device xr3: failed to connect to xr3
Failed while bringing device to "any" state
INFO 2023-03-24 14:24:26,892 [main.py:getMemmoryUtils:140] Get Memmory Utilization - execution completed successfully.
INFO 2023-03-24 14:24:52,919 [main.py:get_iosxe_memory_info:45] Device: xe1
INFO 2023-03-24 14:24:53,030 [main.py:get_iosxe_memory_info:45] Device: xe3
INFO 2023-03-24 14:24:53,051 [main.py:get_iosxe_memory_info:45] Device: xe2
INFO 2023-03-24 14:24:53,875 [main.py:get_iosxr_memory_info:81] Device: xr2
ERROR 2023-03-24 14:25:03,685 [main.py:get_iosxr_memory_info:110] Error connecting to device xr1: failed to connect to xr1
Failed while bringing device to "any" state
ERROR 2023-03-24 14:25:24,661 [main.py:get_iosxr_memory_info:110] Error connecting to device xr3: failed to connect to xr3
Failed while bringing device to "any" state
INFO 2023-03-24 14:25:24,668 [main.py:getMemmoryUtils:140] Get Memmory Utilization - execution completed successfully.
